
22-10-2020 09:33:22.1603359202.5994 [::1][5f9151][info] Parent plugin start installation!
22-10-2020 09:33:22.1603359202.6115 [::1][5f9151][info] Plugin installation: try create plugin tables.
																	-DB Version: 0
																	-Plugin Version in DB: 0
																	-Current Plugin Version: 1.4.6
22-10-2020 09:33:22.1603359202.8519 [::1][5f9151][info] Parent plugin installation complete!
22-10-2020 09:34:35.1603359275.517 [::1][5f9152][info] Start cron job. Scope: media-library
22-10-2020 09:34:35.1603359275.5172 [::1][5f9152][info] Try to create backup directory. Backup dir: (C:/xampp/htdocs/papin proekt/wp-content/uploads/wio_backup)
22-10-2020 09:34:35.1603359275.5401 [::1][5f9152][info] Preparing to upload a file (C:/xampp/htdocs/papin proekt/wp-content/uploads/woocommerce-placeholder.png) to a remote server (server_1).
22-10-2020 09:34:36.1603359276.2191 [::1][5f9152][info] File successfully uploaded to remote server (server_1).
22-10-2020 09:34:36.1603359276.4898 [::1][5f9152][info] Preparing to upload a file (C:/xampp/htdocs/papin proekt/wp-content/uploads/woocommerce-placeholder-150x150.png) to a remote server (server_1).
22-10-2020 09:34:36.1603359276.7005 [::1][5f9152][info] File successfully uploaded to remote server (server_1).
22-10-2020 09:34:36.1603359276.8918 [::1][5f9152][info] Preparing to upload a file (C:/xampp/htdocs/papin proekt/wp-content/uploads/woocommerce-placeholder-300x300.png) to a remote server (server_1).
22-10-2020 09:34:37.1603359277.0657 [::1][5f9152][info] File successfully uploaded to remote server (server_1).
22-10-2020 09:34:37.1603359277.3389 [::1][5f9152][debug] New queue created #1, attributes values: {"server_id":null,"object_id":"6","object_name":"","item_type":"attachment","item_hash":null,"item_hash_alternative":null,"result_status":"success","processing_level":"normal","is_backed_up":true,"original_size":119432,"final_size":84475,"original_mime_type":"image\/png","final_mime_type":"image\/png","extra_data":"{\"thumbnails_count\":2,\"original_main_size\":102644,\"class\":\"RIO_Attachment_Extra_Data\"}","created_at":1603359277}
22-10-2020 09:34:37.1603359277.3406 [::1][5f9152][info] Try to create backup directory. Backup dir: (C:/xampp/htdocs/papin proekt/wp-content/uploads/wio_backup/2020/09)
22-10-2020 09:34:37.1603359277.3638 [::1][5f9152][info] Preparing to upload a file (C:/xampp/htdocs/papin proekt/wp-content/uploads/2020/09/image149.jpg) to a remote server (server_1).
22-10-2020 09:34:37.1603359277.6219 [::1][5f9152][info] File successfully uploaded to remote server (server_1).
22-10-2020 09:34:37.1603359277.894 [::1][5f9152][info] Preparing to upload a file (C:/xampp/htdocs/papin proekt/wp-content/uploads/2020/09/image149-150x150.jpg) to a remote server (server_1).
22-10-2020 09:34:38.1603359278.0442 [::1][5f9152][info] File successfully uploaded to remote server (server_1).
22-10-2020 09:34:38.1603359278.2509 [::1][5f9152][info] Preparing to upload a file (C:/xampp/htdocs/papin proekt/wp-content/uploads/2020/09/image149-300x63.jpg) to a remote server (server_1).
22-10-2020 09:34:38.1603359278.4371 [::1][5f9152][info] File successfully uploaded to remote server (server_1).
22-10-2020 09:34:38.1603359278.6319 [::1][5f9152][debug] New queue created #2, attributes values: {"server_id":null,"object_id":"9","object_name":"","item_type":"attachment","item_hash":null,"item_hash_alternative":null,"result_status":"success","processing_level":"normal","is_backed_up":true,"original_size":46909,"final_size":44210,"original_mime_type":"image\/jpeg","final_mime_type":"image\/jpeg","extra_data":"{\"thumbnails_count\":2,\"original_main_size\":32816,\"class\":\"RIO_Attachment_Extra_Data\"}","created_at":1603359278}
22-10-2020 09:34:38.1603359278.6511 [::1][5f9152][info] Preparing to upload a file (C:/xampp/htdocs/papin proekt/wp-content/uploads/2020/09/cropped-image149.jpg) to a remote server (server_1).
22-10-2020 09:34:38.1603359278.9894 [::1][5f9152][info] File successfully uploaded to remote server (server_1).
22-10-2020 09:34:39.1603359279.2752 [::1][5f9152][info] Preparing to upload a file (C:/xampp/htdocs/papin proekt/wp-content/uploads/2020/09/cropped-image149-150x150.jpg) to a remote server (server_1).
22-10-2020 09:34:39.1603359279.4375 [::1][5f9152][info] File successfully uploaded to remote server (server_1).
22-10-2020 09:34:39.1603359279.6446 [::1][5f9152][info] Preparing to upload a file (C:/xampp/htdocs/papin proekt/wp-content/uploads/2020/09/cropped-image149-300x63.jpg) to a remote server (server_1).
22-10-2020 09:34:39.1603359279.783 [::1][5f9152][info] File successfully uploaded to remote server (server_1).
22-10-2020 09:34:39.1603359279.9884 [::1][5f9152][debug] New queue created #3, attributes values: {"server_id":null,"object_id":"10","object_name":"","item_type":"attachment","item_hash":null,"item_hash_alternative":null,"result_status":"success","processing_level":"normal","is_backed_up":true,"original_size":56225,"final_size":49360,"original_mime_type":"image\/jpeg","final_mime_type":"image\/jpeg","extra_data":"{\"thumbnails_count\":2,\"original_main_size\":42006,\"class\":\"RIO_Attachment_Extra_Data\"}","created_at":1603359279}
22-10-2020 09:34:40.1603359280.0002 [::1][5f9152][info] End cron job. Scope: media-library
22-10-2020 09:39:48.1603359588.4357 [::1][5f9153][info] Start cron job. Scope: media-library
22-10-2020 09:39:48.1603359588.4515 [::1][5f9153][info] Preparing to upload a file (C:/xampp/htdocs/papin proekt/wp-content/uploads/2020/09/logo2.png) to a remote server (server_1).
22-10-2020 09:39:48.1603359588.7137 [::1][5f9153][info] File successfully uploaded to remote server (server_1).
22-10-2020 09:39:48.1603359588.9769 [::1][5f9153][debug] New queue created #4, attributes values: {"server_id":null,"object_id":"11","object_name":"","item_type":"attachment","item_hash":null,"item_hash_alternative":null,"result_status":"success","processing_level":"normal","is_backed_up":true,"original_size":16799,"final_size":9213,"original_mime_type":"image\/png","final_mime_type":"image\/png","extra_data":"{\"thumbnails_count\":0,\"original_main_size\":16799,\"class\":\"RIO_Attachment_Extra_Data\"}","created_at":1603359588}
22-10-2020 09:39:48.1603359588.9862 [::1][5f9153][info] Preparing to upload a file (C:/xampp/htdocs/papin proekt/wp-content/uploads/2020/09/cropped-logo2.png) to a remote server (server_1).
22-10-2020 09:39:49.1603359589.2112 [::1][5f9153][info] File successfully uploaded to remote server (server_1).
22-10-2020 09:39:49.1603359589.4191 [::1][5f9153][debug] New queue created #5, attributes values: {"server_id":null,"object_id":"12","object_name":"","item_type":"attachment","item_hash":null,"item_hash_alternative":null,"result_status":"success","processing_level":"normal","is_backed_up":true,"original_size":14183,"final_size":6817,"original_mime_type":"image\/png","final_mime_type":"image\/png","extra_data":"{\"thumbnails_count\":0,\"original_main_size\":14183,\"class\":\"RIO_Attachment_Extra_Data\"}","created_at":1603359589}
22-10-2020 09:39:49.1603359589.4557 [::1][5f9153][info] Preparing to upload a file (C:/xampp/htdocs/papin proekt/wp-content/uploads/2020/09/cropped-image149-1.jpg) to a remote server (server_1).
22-10-2020 09:39:49.1603359589.8822 [::1][5f9153][info] File successfully uploaded to remote server (server_1).
22-10-2020 09:39:50.1603359590.2404 [::1][5f9153][info] Preparing to upload a file (C:/xampp/htdocs/papin proekt/wp-content/uploads/2020/09/cropped-image149-1-150x150.jpg) to a remote server (server_1).
22-10-2020 09:39:50.1603359590.414 [::1][5f9153][info] File successfully uploaded to remote server (server_1).
22-10-2020 09:39:50.1603359590.6876 [::1][5f9153][info] Preparing to upload a file (C:/xampp/htdocs/papin proekt/wp-content/uploads/2020/09/cropped-image149-1-300x113.jpg) to a remote server (server_1).
22-10-2020 09:39:50.1603359590.9196 [::1][5f9153][info] File successfully uploaded to remote server (server_1).
22-10-2020 09:39:51.1603359591.1621 [::1][5f9153][debug] New queue created #6, attributes values: {"server_id":null,"object_id":"14","object_name":"","item_type":"attachment","item_hash":null,"item_hash_alternative":null,"result_status":"success","processing_level":"normal","is_backed_up":true,"original_size":155507,"final_size":148436,"original_mime_type":"image\/jpeg","final_mime_type":"image\/jpeg","extra_data":"{\"thumbnails_count\":2,\"original_main_size\":135991,\"class\":\"RIO_Attachment_Extra_Data\"}","created_at":1603359591}
22-10-2020 09:39:51.1603359591.1745 [::1][5f9153][info] End cron job. Scope: media-library
22-10-2020 09:45:47.1603359947.7215 [::1][5f9154][info] Start cron job. Scope: media-library
22-10-2020 09:45:47.1603359947.7489 [::1][5f9154][info] Preparing to upload a file (C:/xampp/htdocs/papin proekt/wp-content/uploads/2020/09/image474.jpg) to a remote server (server_1).
22-10-2020 09:45:47.1603359947.9829 [::1][5f9154][info] File successfully uploaded to remote server (server_1).
22-10-2020 09:45:48.1603359948.2056 [::1][5f9154][info] Preparing to upload a file (C:/xampp/htdocs/papin proekt/wp-content/uploads/2020/09/image474-150x150.jpg) to a remote server (server_1).
22-10-2020 09:45:48.1603359948.456 [::1][5f9154][info] File successfully uploaded to remote server (server_1).
22-10-2020 09:45:48.1603359948.7143 [::1][5f9154][info] Preparing to upload a file (C:/xampp/htdocs/papin proekt/wp-content/uploads/2020/09/image474-300x227.jpg) to a remote server (server_1).
22-10-2020 09:45:48.1603359948.9468 [::1][5f9154][info] File successfully uploaded to remote server (server_1).
22-10-2020 09:45:49.1603359949.1868 [::1][5f9154][debug] New queue created #7, attributes values: {"server_id":null,"object_id":"24","object_name":"","item_type":"attachment","item_hash":null,"item_hash_alternative":null,"result_status":"success","processing_level":"normal","is_backed_up":true,"original_size":36109,"final_size":34511,"original_mime_type":"image\/jpeg","final_mime_type":"image\/jpeg","extra_data":"{\"thumbnails_count\":2,\"original_main_size\":13203,\"class\":\"RIO_Attachment_Extra_Data\"}","created_at":1603359949}
22-10-2020 09:45:49.1603359949.2144 [::1][5f9154][info] Preparing to upload a file (C:/xampp/htdocs/papin proekt/wp-content/uploads/2020/09/image476.jpg) to a remote server (server_1).
22-10-2020 09:45:49.1603359949.5257 [::1][5f9154][info] File successfully uploaded to remote server (server_1).
22-10-2020 09:45:49.1603359949.8715 [::1][5f9154][info] Preparing to upload a file (C:/xampp/htdocs/papin proekt/wp-content/uploads/2020/09/image476-150x150.jpg) to a remote server (server_1).
22-10-2020 09:45:50.1603359950.0304 [::1][5f9154][info] File successfully uploaded to remote server (server_1).
22-10-2020 09:45:50.1603359950.2382 [::1][5f9154][info] Preparing to upload a file (C:/xampp/htdocs/papin proekt/wp-content/uploads/2020/09/image476-300x224.jpg) to a remote server (server_1).
22-10-2020 09:45:50.1603359950.4003 [::1][5f9154][info] File successfully uploaded to remote server (server_1).
22-10-2020 09:45:50.1603359950.6155 [::1][5f9154][debug] New queue created #8, attributes values: {"server_id":null,"object_id":"25","object_name":"","item_type":"attachment","item_hash":null,"item_hash_alternative":null,"result_status":"success","processing_level":"normal","is_backed_up":true,"original_size":31015,"final_size":29843,"original_mime_type":"image\/jpeg","final_mime_type":"image\/jpeg","extra_data":"{\"thumbnails_count\":2,\"original_main_size\":11332,\"class\":\"RIO_Attachment_Extra_Data\"}","created_at":1603359950}
22-10-2020 09:45:50.1603359950.6494 [::1][5f9154][info] Preparing to upload a file (C:/xampp/htdocs/papin proekt/wp-content/uploads/2020/09/cropped-logo2-1.png) to a remote server (server_1).
22-10-2020 09:45:51.1603359951.0703 [::1][5f9154][info] File successfully uploaded to remote server (server_1).
22-10-2020 09:45:51.1603359951.3762 [::1][5f9154][info] Preparing to upload a file (C:/xampp/htdocs/papin proekt/wp-content/uploads/2020/09/cropped-logo2-1-150x150.png) to a remote server (server_1).
22-10-2020 09:45:51.1603359951.6334 [::1][5f9154][info] File successfully uploaded to remote server (server_1).
22-10-2020 09:45:51.1603359951.8589 [::1][5f9154][info] Preparing to upload a file (C:/xampp/htdocs/papin proekt/wp-content/uploads/2020/09/cropped-logo2-1-300x300.png) to a remote server (server_1).
22-10-2020 09:45:52.1603359952.3884 [::1][5f9154][info] File successfully uploaded to remote server (server_1).
22-10-2020 09:45:52.1603359952.6475 [::1][5f9154][debug] New queue created #9, attributes values: {"server_id":null,"object_id":"90","object_name":"","item_type":"attachment","item_hash":null,"item_hash_alternative":null,"result_status":"success","processing_level":"normal","is_backed_up":true,"original_size":174738,"final_size":114202,"original_mime_type":"image\/png","final_mime_type":"image\/png","extra_data":"{\"thumbnails_count\":2,\"original_main_size\":54155,\"class\":\"RIO_Attachment_Extra_Data\"}","created_at":1603359952}
22-10-2020 09:45:52.1603359952.6614 [::1][5f9154][info] End cron job. Scope: media-library
22-10-2020 09:49:47.1603360187.8669 [::1][5f9155][info] Start cron job. Scope: media-library
22-10-2020 09:49:47.1603360187.8993 [::1][5f9155][info] Preparing to upload a file (C:/xampp/htdocs/papin proekt/wp-content/uploads/2020/09/image474-1-e1600607740437.jpg) to a remote server (server_1).
22-10-2020 09:49:48.1603360188.0627 [::1][5f9155][info] File successfully uploaded to remote server (server_1).
22-10-2020 09:49:48.1603360188.2964 [::1][5f9155][info] Preparing to upload a file (C:/xampp/htdocs/papin proekt/wp-content/uploads/2020/09/image474-1-e1600607695201-150x63.jpg) to a remote server (server_1).
22-10-2020 09:49:48.1603360188.4511 [::1][5f9155][info] File successfully uploaded to remote server (server_1).
22-10-2020 09:49:48.1603360188.6636 [::1][5f9155][info] Preparing to upload a file (C:/xampp/htdocs/papin proekt/wp-content/uploads/2020/09/image474-1-300x63.jpg) to a remote server (server_1).
22-10-2020 09:49:48.1603360188.8303 [::1][5f9155][info] File successfully uploaded to remote server (server_1).
22-10-2020 09:49:49.1603360189.0548 [::1][5f9155][debug] New queue created #10, attributes values: {"server_id":null,"object_id":"94","object_name":"","item_type":"attachment","item_hash":null,"item_hash_alternative":null,"result_status":"success","processing_level":"normal","is_backed_up":true,"original_size":12950,"final_size":12192,"original_mime_type":"image\/jpeg","final_mime_type":"image\/jpeg","extra_data":"{\"thumbnails_count\":2,\"original_main_size\":2105,\"class\":\"RIO_Attachment_Extra_Data\"}","created_at":1603360189}
22-10-2020 09:49:49.1603360189.0705 [::1][5f9155][info] Preparing to upload a file (C:/xampp/htdocs/papin proekt/wp-content/uploads/2020/09/image071.jpg) to a remote server (server_1).
22-10-2020 09:49:49.1603360189.2317 [::1][5f9155][info] File successfully uploaded to remote server (server_1).
22-10-2020 09:49:49.1603360189.4323 [::1][5f9155][info] Preparing to upload a file (C:/xampp/htdocs/papin proekt/wp-content/uploads/2020/09/image071-150x93.jpg) to a remote server (server_1).
22-10-2020 09:49:49.1603360189.6458 [::1][5f9155][info] File successfully uploaded to remote server (server_1).
22-10-2020 09:49:49.1603360189.872 [::1][5f9155][debug] New queue created #11, attributes values: {"server_id":null,"object_id":"101","object_name":"","item_type":"attachment","item_hash":null,"item_hash_alternative":null,"result_status":"success","processing_level":"normal","is_backed_up":true,"original_size":7784,"final_size":7147,"original_mime_type":"image\/jpeg","final_mime_type":"image\/jpeg","extra_data":"{\"thumbnails_count\":1,\"original_main_size\":3615,\"class\":\"RIO_Attachment_Extra_Data\"}","created_at":1603360189}
22-10-2020 09:49:49.1603360189.903 [::1][5f9155][info] Preparing to upload a file (C:/xampp/htdocs/papin proekt/wp-content/uploads/2020/09/5f2a69616e496_museum2.jpg) to a remote server (server_1).
22-10-2020 09:49:50.1603360190.2187 [::1][5f9155][info] File successfully uploaded to remote server (server_1).
22-10-2020 09:49:50.1603360190.4986 [::1][5f9155][info] Preparing to upload a file (C:/xampp/htdocs/papin proekt/wp-content/uploads/2020/09/5f2a69616e496_museum2-150x150.jpg) to a remote server (server_1).
22-10-2020 09:49:50.1603360190.7085 [::1][5f9155][info] File successfully uploaded to remote server (server_1).
22-10-2020 09:49:50.1603360190.9217 [::1][5f9155][info] Preparing to upload a file (C:/xampp/htdocs/papin proekt/wp-content/uploads/2020/09/5f2a69616e496_museum2-300x193.jpg) to a remote server (server_1).
22-10-2020 09:49:51.1603360191.1537 [::1][5f9155][info] File successfully uploaded to remote server (server_1).
22-10-2020 09:49:51.1603360191.4061 [::1][5f9155][debug] New queue created #12, attributes values: {"server_id":null,"object_id":"102","object_name":"","item_type":"attachment","item_hash":null,"item_hash_alternative":null,"result_status":"success","processing_level":"normal","is_backed_up":true,"original_size":135019,"final_size":127735,"original_mime_type":"image\/jpeg","final_mime_type":"image\/jpeg","extra_data":"{\"thumbnails_count\":2,\"original_main_size\":107219,\"class\":\"RIO_Attachment_Extra_Data\"}","created_at":1603360191}
22-10-2020 09:49:51.1603360191.419 [::1][5f9155][info] End cron job. Scope: media-library
22-10-2020 09:55:51.1603360551.2225 [::1][5f9157][info] Start cron job. Scope: media-library
22-10-2020 09:55:51.1603360551.2621 [::1][5f9157][info] Preparing to upload a file (C:/xampp/htdocs/papin proekt/wp-content/uploads/2020/09/Banner_Pakta.jpg) to a remote server (server_1).
22-10-2020 09:55:51.1603360551.5698 [::1][5f9157][info] File successfully uploaded to remote server (server_1).
22-10-2020 09:55:51.1603360551.8406 [::1][5f9157][info] Preparing to upload a file (C:/xampp/htdocs/papin proekt/wp-content/uploads/2020/09/Banner_Pakta-150x150.jpg) to a remote server (server_1).
22-10-2020 09:55:52.1603360552.0027 [::1][5f9157][info] File successfully uploaded to remote server (server_1).
22-10-2020 09:55:52.1603360552.1948 [::1][5f9157][info] Preparing to upload a file (C:/xampp/htdocs/papin proekt/wp-content/uploads/2020/09/Banner_Pakta-300x79.jpg) to a remote server (server_1).
22-10-2020 09:55:52.1603360552.3831 [::1][5f9157][info] File successfully uploaded to remote server (server_1).
22-10-2020 09:55:52.1603360552.6137 [::1][5f9157][debug] New queue created #13, attributes values: {"server_id":null,"object_id":"114","object_name":"","item_type":"attachment","item_hash":null,"item_hash_alternative":null,"result_status":"success","processing_level":"normal","is_backed_up":true,"original_size":75194,"final_size":70166,"original_mime_type":"image\/jpeg","final_mime_type":"image\/jpeg","extra_data":"{\"thumbnails_count\":2,\"original_main_size\":57000,\"class\":\"RIO_Attachment_Extra_Data\"}","created_at":1603360552}
22-10-2020 09:55:52.1603360552.6387 [::1][5f9157][info] Preparing to upload a file (C:/xampp/htdocs/papin proekt/wp-content/uploads/2020/09/sofia-bulgaria-2015.jpg) to a remote server (server_1).
22-10-2020 09:55:53.1603360553.0029 [::1][5f9157][info] File successfully uploaded to remote server (server_1).
22-10-2020 09:55:53.1603360553.2919 [::1][5f9157][info] Preparing to upload a file (C:/xampp/htdocs/papin proekt/wp-content/uploads/2020/09/sofia-bulgaria-2015-150x150.jpg) to a remote server (server_1).
22-10-2020 09:55:53.1603360553.6268 [::1][5f9157][info] File successfully uploaded to remote server (server_1).
22-10-2020 09:55:53.1603360553.8891 [::1][5f9157][info] Preparing to upload a file (C:/xampp/htdocs/papin proekt/wp-content/uploads/2020/09/sofia-bulgaria-2015-300x200.jpg) to a remote server (server_1).
22-10-2020 09:55:54.1603360554.2207 [::1][5f9157][info] File successfully uploaded to remote server (server_1).
22-10-2020 09:55:54.1603360554.5383 [::1][5f9157][debug] New queue created #14, attributes values: {"server_id":null,"object_id":"128","object_name":"","item_type":"attachment","item_hash":null,"item_hash_alternative":null,"result_status":"success","processing_level":"normal","is_backed_up":true,"original_size":182733,"final_size":97592,"original_mime_type":"image\/jpeg","final_mime_type":"image\/jpeg","extra_data":"{\"thumbnails_count\":2,\"original_main_size\":157354,\"class\":\"RIO_Attachment_Extra_Data\"}","created_at":1603360554}
22-10-2020 09:55:54.1603360554.5632 [::1][5f9157][info] Preparing to upload a file (C:/xampp/htdocs/papin proekt/wp-content/uploads/2020/09/ojupmafmshrazak-800x450-nopad.jpg) to a remote server (server_1).
22-10-2020 09:55:54.1603360554.9654 [::1][5f9157][info] File successfully uploaded to remote server (server_1).
22-10-2020 09:55:55.1603360555.2661 [::1][5f9157][info] Preparing to upload a file (C:/xampp/htdocs/papin proekt/wp-content/uploads/2020/09/ojupmafmshrazak-800x450-nopad-150x150.jpg) to a remote server (server_1).
22-10-2020 09:55:55.1603360555.4944 [::1][5f9157][info] File successfully uploaded to remote server (server_1).
22-10-2020 09:55:55.1603360555.7576 [::1][5f9157][info] Preparing to upload a file (C:/xampp/htdocs/papin proekt/wp-content/uploads/2020/09/ojupmafmshrazak-800x450-nopad-300x169.jpg) to a remote server (server_1).
22-10-2020 09:55:56.1603360556.0774 [::1][5f9157][info] File successfully uploaded to remote server (server_1).
22-10-2020 09:55:56.1603360556.3836 [::1][5f9157][debug] New queue created #15, attributes values: {"server_id":null,"object_id":"135","object_name":"","item_type":"attachment","item_hash":null,"item_hash_alternative":null,"result_status":"success","processing_level":"normal","is_backed_up":true,"original_size":80522,"final_size":79704,"original_mime_type":"image\/jpeg","final_mime_type":"image\/jpeg","extra_data":"{\"thumbnails_count\":2,\"original_main_size\":62460,\"class\":\"RIO_Attachment_Extra_Data\"}","created_at":1603360556}
22-10-2020 09:55:56.1603360556.3969 [::1][5f9157][info] End cron job. Scope: media-library
22-10-2020 09:59:53.1603360793.2371 [::1][5f9158][info] Start cron job. Scope: media-library
22-10-2020 09:59:53.1603360793.2764 [::1][5f9158][info] Preparing to upload a file (C:/xampp/htdocs/papin proekt/wp-content/uploads/2020/09/image482.jpg) to a remote server (server_1).
22-10-2020 09:59:53.1603360793.5004 [::1][5f9158][info] File successfully uploaded to remote server (server_1).
22-10-2020 09:59:53.1603360793.7432 [::1][5f9158][info] Preparing to upload a file (C:/xampp/htdocs/papin proekt/wp-content/uploads/2020/09/image482-150x150.jpg) to a remote server (server_1).
22-10-2020 09:59:53.1603360793.9333 [::1][5f9158][info] File successfully uploaded to remote server (server_1).
22-10-2020 09:59:54.1603360794.1536 [::1][5f9158][info] Preparing to upload a file (C:/xampp/htdocs/papin proekt/wp-content/uploads/2020/09/image482-300x200.jpg) to a remote server (server_1).
22-10-2020 09:59:54.1603360794.3547 [::1][5f9158][info] File successfully uploaded to remote server (server_1).
22-10-2020 09:59:54.1603360794.6365 [::1][5f9158][debug] New queue created #16, attributes values: {"server_id":null,"object_id":"141","object_name":"","item_type":"attachment","item_hash":null,"item_hash_alternative":null,"result_status":"success","processing_level":"normal","is_backed_up":true,"original_size":67353,"final_size":63570,"original_mime_type":"image\/jpeg","final_mime_type":"image\/jpeg","extra_data":"{\"thumbnails_count\":2,\"original_main_size\":36326,\"class\":\"RIO_Attachment_Extra_Data\"}","created_at":1603360794}
22-10-2020 09:59:54.1603360794.6645 [::1][5f9158][info] Preparing to upload a file (C:/xampp/htdocs/papin proekt/wp-content/uploads/2020/09/image479.jpg) to a remote server (server_1).
22-10-2020 09:59:54.1603360794.9138 [::1][5f9158][info] File successfully uploaded to remote server (server_1).
22-10-2020 09:59:55.1603360795.1737 [::1][5f9158][info] Preparing to upload a file (C:/xampp/htdocs/papin proekt/wp-content/uploads/2020/09/image479-150x150.jpg) to a remote server (server_1).
22-10-2020 09:59:55.1603360795.3276 [::1][5f9158][info] File successfully uploaded to remote server (server_1).
22-10-2020 09:59:55.1603360795.5505 [::1][5f9158][info] Preparing to upload a file (C:/xampp/htdocs/papin proekt/wp-content/uploads/2020/09/image479-300x169.jpg) to a remote server (server_1).
22-10-2020 09:59:55.1603360795.7772 [::1][5f9158][info] File successfully uploaded to remote server (server_1).
22-10-2020 09:59:56.1603360796.02 [::1][5f9158][debug] New queue created #17, attributes values: {"server_id":null,"object_id":"144","object_name":"","item_type":"attachment","item_hash":null,"item_hash_alternative":null,"result_status":"success","processing_level":"normal","is_backed_up":true,"original_size":64847,"final_size":61690,"original_mime_type":"image\/jpeg","final_mime_type":"image\/jpeg","extra_data":"{\"thumbnails_count\":2,\"original_main_size\":38298,\"class\":\"RIO_Attachment_Extra_Data\"}","created_at":1603360796}
22-10-2020 09:59:56.1603360796.0518 [::1][5f9158][info] Preparing to upload a file (C:/xampp/htdocs/papin proekt/wp-content/uploads/2020/09/image491.jpg) to a remote server (server_1).
22-10-2020 09:59:56.1603360796.3 [::1][5f9158][info] File successfully uploaded to remote server (server_1).
22-10-2020 09:59:56.1603360796.5159 [::1][5f9158][info] Preparing to upload a file (C:/xampp/htdocs/papin proekt/wp-content/uploads/2020/09/image491-150x150.jpg) to a remote server (server_1).
22-10-2020 09:59:56.1603360796.6863 [::1][5f9158][info] File successfully uploaded to remote server (server_1).
22-10-2020 09:59:56.1603360796.9069 [::1][5f9158][info] Preparing to upload a file (C:/xampp/htdocs/papin proekt/wp-content/uploads/2020/09/image491-300x199.jpg) to a remote server (server_1).
22-10-2020 09:59:57.1603360797.124 [::1][5f9158][info] File successfully uploaded to remote server (server_1).
22-10-2020 09:59:57.1603360797.3873 [::1][5f9158][debug] New queue created #18, attributes values: {"server_id":null,"object_id":"147","object_name":"","item_type":"attachment","item_hash":null,"item_hash_alternative":null,"result_status":"success","processing_level":"normal","is_backed_up":true,"original_size":39505,"final_size":37654,"original_mime_type":"image\/jpeg","final_mime_type":"image\/jpeg","extra_data":"{\"thumbnails_count\":2,\"original_main_size\":15625,\"class\":\"RIO_Attachment_Extra_Data\"}","created_at":1603360797}
22-10-2020 09:59:57.1603360797.3977 [::1][5f9158][info] End cron job. Scope: media-library
22-10-2020 10:05:56.1603361156.2187 [::1][5f9159][info] Start cron job. Scope: media-library
22-10-2020 10:05:56.1603361156.2547 [::1][5f9159][info] Preparing to upload a file (C:/xampp/htdocs/papin proekt/wp-content/uploads/2020/09/image494.jpg) to a remote server (server_1).
22-10-2020 10:05:58.1603361158.39 [::1][5f9159][info] File successfully uploaded to remote server (server_1).
22-10-2020 10:06:00.1603361160.5647 [::1][5f9159][info] Preparing to upload a file (C:/xampp/htdocs/papin proekt/wp-content/uploads/2020/09/image494-150x150.jpg) to a remote server (server_1).
22-10-2020 10:06:00.1603361160.767 [::1][5f9159][info] File successfully uploaded to remote server (server_1).
22-10-2020 10:06:00.1603361160.9654 [::1][5f9159][info] Preparing to upload a file (C:/xampp/htdocs/papin proekt/wp-content/uploads/2020/09/image494-300x200.jpg) to a remote server (server_1).
22-10-2020 10:06:03.1603361163.0338 [::1][5f9159][info] File successfully uploaded to remote server (server_1).
22-10-2020 10:06:08.1603361168.9032 [::1][5f9159][debug] New queue created #19, attributes values: {"server_id":null,"object_id":"148","object_name":"","item_type":"attachment","item_hash":null,"item_hash_alternative":null,"result_status":"success","processing_level":"normal","is_backed_up":true,"original_size":39826,"final_size":38218,"original_mime_type":"image\/jpeg","final_mime_type":"image\/jpeg","extra_data":"{\"thumbnails_count\":2,\"original_main_size\":15463,\"class\":\"RIO_Attachment_Extra_Data\"}","created_at":1603361168}
22-10-2020 10:06:08.1603361168.9379 [::1][5f9159][info] Preparing to upload a file (C:/xampp/htdocs/papin proekt/wp-content/uploads/2020/09/image493.jpg) to a remote server (server_1).
22-10-2020 10:06:11.1603361171.235 [::1][5f9159][info] File successfully uploaded to remote server (server_1).
22-10-2020 10:06:13.1603361173.3857 [::1][5f9159][info] Preparing to upload a file (C:/xampp/htdocs/papin proekt/wp-content/uploads/2020/09/image493-150x150.jpg) to a remote server (server_1).
22-10-2020 10:06:13.1603361173.6867 [::1][5f9159][info] File successfully uploaded to remote server (server_1).
22-10-2020 10:06:13.1603361173.9186 [::1][5f9159][info] Preparing to upload a file (C:/xampp/htdocs/papin proekt/wp-content/uploads/2020/09/image493-300x199.jpg) to a remote server (server_1).
22-10-2020 10:06:14.1603361174.3466 [::1][5f9159][info] File successfully uploaded to remote server (server_1).
22-10-2020 10:06:14.1603361174.6258 [::1][5f9159][debug] New queue created #20, attributes values: {"server_id":null,"object_id":"149","object_name":"","item_type":"attachment","item_hash":null,"item_hash_alternative":null,"result_status":"success","processing_level":"normal","is_backed_up":true,"original_size":44377,"final_size":42034,"original_mime_type":"image\/jpeg","final_mime_type":"image\/jpeg","extra_data":"{\"thumbnails_count\":2,\"original_main_size\":17413,\"class\":\"RIO_Attachment_Extra_Data\"}","created_at":1603361174}
22-10-2020 10:06:14.1603361174.6619 [::1][5f9159][info] Preparing to upload a file (C:/xampp/htdocs/papin proekt/wp-content/uploads/2020/09/image492.jpg) to a remote server (server_1).
22-10-2020 10:06:17.1603361177.9801 [::1][5f9159][info] File successfully uploaded to remote server (server_1).
22-10-2020 10:06:27.1603361187.956 [::1][5f9159][info] Preparing to upload a file (C:/xampp/htdocs/papin proekt/wp-content/uploads/2020/09/image492-150x150.jpg) to a remote server (server_1).
22-10-2020 10:06:31.1603361191.0318 [::1][5f9159][info] File successfully uploaded to remote server (server_1).
22-10-2020 10:06:33.1603361193.8043 [::1][5f9159][info] Preparing to upload a file (C:/xampp/htdocs/papin proekt/wp-content/uploads/2020/09/image492-300x199.jpg) to a remote server (server_1).
22-10-2020 10:06:34.1603361194.4231 [::1][5f9159][info] File successfully uploaded to remote server (server_1).
22-10-2020 10:06:34.1603361194.7072 [::1][5f9159][debug] New queue created #21, attributes values: {"server_id":null,"object_id":"150","object_name":"","item_type":"attachment","item_hash":null,"item_hash_alternative":null,"result_status":"success","processing_level":"normal","is_backed_up":true,"original_size":36599,"final_size":35298,"original_mime_type":"image\/jpeg","final_mime_type":"image\/jpeg","extra_data":"{\"thumbnails_count\":2,\"original_main_size\":13767,\"class\":\"RIO_Attachment_Extra_Data\"}","created_at":1603361194}
22-10-2020 10:06:34.1603361194.7229 [::1][5f9159][info] End cron job. Scope: media-library
22-10-2020 10:09:58.1603361398.3058 [::1][5f915a][info] Start cron job. Scope: media-library
22-10-2020 10:09:58.1603361398.3372 [::1][5f915a][info] Preparing to upload a file (C:/xampp/htdocs/papin proekt/wp-content/uploads/2020/09/image489.jpg) to a remote server (server_1).
22-10-2020 10:09:58.1603361398.8009 [::1][5f915a][info] File successfully uploaded to remote server (server_1).
22-10-2020 10:09:59.1603361399.1545 [::1][5f915a][info] Preparing to upload a file (C:/xampp/htdocs/papin proekt/wp-content/uploads/2020/09/image489-150x150.jpg) to a remote server (server_1).
22-10-2020 10:09:59.1603361399.5233 [::1][5f915a][info] File successfully uploaded to remote server (server_1).
22-10-2020 10:09:59.1603361399.8859 [::1][5f915a][info] Preparing to upload a file (C:/xampp/htdocs/papin proekt/wp-content/uploads/2020/09/image489-300x169.jpg) to a remote server (server_1).
22-10-2020 10:10:00.1603361400.2211 [::1][5f915a][info] File successfully uploaded to remote server (server_1).
22-10-2020 10:10:00.1603361400.5324 [::1][5f915a][debug] New queue created #22, attributes values: {"server_id":null,"object_id":"153","object_name":"","item_type":"attachment","item_hash":null,"item_hash_alternative":null,"result_status":"success","processing_level":"normal","is_backed_up":true,"original_size":33229,"final_size":32186,"original_mime_type":"image\/jpeg","final_mime_type":"image\/jpeg","extra_data":"{\"thumbnails_count\":2,\"original_main_size\":17794,\"class\":\"RIO_Attachment_Extra_Data\"}","created_at":1603361400}
22-10-2020 10:10:00.1603361400.5635 [::1][5f915a][info] Preparing to upload a file (C:/xampp/htdocs/papin proekt/wp-content/uploads/2020/09/cropped-ojupmafmshrazak-800x450-nopad.jpg) to a remote server (server_1).
22-10-2020 10:10:01.1603361401.0598 [::1][5f915a][info] File successfully uploaded to remote server (server_1).
22-10-2020 10:10:01.1603361401.4888 [::1][5f915a][info] Preparing to upload a file (C:/xampp/htdocs/papin proekt/wp-content/uploads/2020/09/cropped-ojupmafmshrazak-800x450-nopad-150x150.jpg) to a remote server (server_1).
22-10-2020 10:10:01.1603361401.8729 [::1][5f915a][info] File successfully uploaded to remote server (server_1).
22-10-2020 10:10:02.1603361402.1867 [::1][5f915a][info] Preparing to upload a file (C:/xampp/htdocs/papin proekt/wp-content/uploads/2020/09/cropped-ojupmafmshrazak-800x450-nopad-300x169.jpg) to a remote server (server_1).
22-10-2020 10:10:02.1603361402.5763 [::1][5f915a][info] File successfully uploaded to remote server (server_1).
22-10-2020 10:10:02.1603361402.85 [::1][5f915a][debug] New queue created #23, attributes values: {"server_id":null,"object_id":"155","object_name":"","item_type":"attachment","item_hash":null,"item_hash_alternative":null,"result_status":"success","processing_level":"normal","is_backed_up":true,"original_size":80609,"final_size":77693,"original_mime_type":"image\/jpeg","final_mime_type":"image\/jpeg","extra_data":"{\"thumbnails_count\":2,\"original_main_size\":62466,\"class\":\"RIO_Attachment_Extra_Data\"}","created_at":1603361402}
22-10-2020 10:10:02.1603361402.8518 [::1][5f915a][info] Try to create backup directory. Backup dir: (C:/xampp/htdocs/papin proekt/wp-content/uploads/wio_backup/2020/10)
22-10-2020 10:10:02.1603361402.8687 [::1][5f915a][info] Preparing to upload a file (C:/xampp/htdocs/papin proekt/wp-content/uploads/2020/10/portret_nkr.jpg) to a remote server (server_1).
22-10-2020 10:10:03.1603361403.2203 [::1][5f915a][info] File successfully uploaded to remote server (server_1).
22-10-2020 10:10:03.1603361403.5669 [::1][5f915a][info] Preparing to upload a file (C:/xampp/htdocs/papin proekt/wp-content/uploads/2020/10/portret_nkr-150x150.jpg) to a remote server (server_1).
22-10-2020 10:10:03.1603361403.9898 [::1][5f915a][info] File successfully uploaded to remote server (server_1).
22-10-2020 10:10:04.1603361404.34 [::1][5f915a][debug] New queue created #24, attributes values: {"server_id":null,"object_id":"160","object_name":"","item_type":"attachment","item_hash":null,"item_hash_alternative":null,"result_status":"success","processing_level":"normal","is_backed_up":true,"original_size":12905,"final_size":12565,"original_mime_type":"image\/jpeg","final_mime_type":"image\/jpeg","extra_data":"{\"thumbnails_count\":1,\"original_main_size\":7056,\"class\":\"RIO_Attachment_Extra_Data\"}","created_at":1603361404}
22-10-2020 10:10:04.1603361404.354 [::1][5f915a][info] End cron job. Scope: media-library
22-10-2020 10:14:36.1603361676.1699 [::1][5f915b][info] Start cron job. Scope: media-library
22-10-2020 10:14:36.1603361676.201 [::1][5f915b][info] Preparing to upload a file (C:/xampp/htdocs/papin proekt/wp-content/uploads/2020/10/helenas_portrets.jpg) to a remote server (server_1).
22-10-2020 10:14:36.1603361676.5574 [::1][5f915b][info] File successfully uploaded to remote server (server_1).
22-10-2020 10:14:37.1603361677.0278 [::1][5f915b][info] Preparing to upload a file (C:/xampp/htdocs/papin proekt/wp-content/uploads/2020/10/helenas_portrets-150x150.jpg) to a remote server (server_1).
22-10-2020 10:14:37.1603361677.4213 [::1][5f915b][info] File successfully uploaded to remote server (server_1).
22-10-2020 10:14:37.1603361677.8596 [::1][5f915b][info] Preparing to upload a file (C:/xampp/htdocs/papin proekt/wp-content/uploads/2020/10/helenas_portrets-276x300.jpg) to a remote server (server_1).
22-10-2020 10:14:40.1603361680.1447 [::1][5f915b][info] File successfully uploaded to remote server (server_1).
22-10-2020 10:14:41.1603361681.8928 [::1][5f915b][debug] New queue created #25, attributes values: {"server_id":null,"object_id":"163","object_name":"","item_type":"attachment","item_hash":null,"item_hash_alternative":null,"result_status":"success","processing_level":"normal","is_backed_up":true,"original_size":47556,"final_size":45446,"original_mime_type":"image\/jpeg","final_mime_type":"image\/jpeg","extra_data":"{\"thumbnails_count\":2,\"original_main_size\":23743,\"class\":\"RIO_Attachment_Extra_Data\"}","created_at":1603361681}
22-10-2020 10:14:41.1603361681.9218 [::1][5f915b][info] Preparing to upload a file (C:/xampp/htdocs/papin proekt/wp-content/uploads/2020/10/jurija_potrets.jpg) to a remote server (server_1).
22-10-2020 10:14:42.1603361682.1992 [::1][5f915b][info] File successfully uploaded to remote server (server_1).
22-10-2020 10:14:42.1603361682.428 [::1][5f915b][info] Preparing to upload a file (C:/xampp/htdocs/papin proekt/wp-content/uploads/2020/10/jurija_potrets-150x150.jpg) to a remote server (server_1).
22-10-2020 10:14:44.1603361684.7152 [::1][5f915b][info] File successfully uploaded to remote server (server_1).
22-10-2020 10:14:46.1603361686.947 [::1][5f915b][info] Preparing to upload a file (C:/xampp/htdocs/papin proekt/wp-content/uploads/2020/10/jurija_potrets-300x211.jpg) to a remote server (server_1).
22-10-2020 10:14:47.1603361687.2213 [::1][5f915b][info] File successfully uploaded to remote server (server_1).
22-10-2020 10:14:47.1603361687.4502 [::1][5f915b][debug] New queue created #26, attributes values: {"server_id":null,"object_id":"164","object_name":"","item_type":"attachment","item_hash":null,"item_hash_alternative":null,"result_status":"success","processing_level":"normal","is_backed_up":true,"original_size":35632,"final_size":34401,"original_mime_type":"image\/jpeg","final_mime_type":"image\/jpeg","extra_data":"{\"thumbnails_count\":2,\"original_main_size\":16158,\"class\":\"RIO_Attachment_Extra_Data\"}","created_at":1603361687}
22-10-2020 10:14:47.1603361687.4757 [::1][5f915b][info] Preparing to upload a file (C:/xampp/htdocs/papin proekt/wp-content/uploads/2020/10/svjatoslava-portrets.jpg) to a remote server (server_1).
22-10-2020 10:14:47.1603361687.8521 [::1][5f915b][info] File successfully uploaded to remote server (server_1).
22-10-2020 10:14:48.1603361688.1028 [::1][5f915b][info] Preparing to upload a file (C:/xampp/htdocs/papin proekt/wp-content/uploads/2020/10/svjatoslava-portrets-150x150.jpg) to a remote server (server_1).
22-10-2020 10:14:48.1603361688.3929 [::1][5f915b][info] File successfully uploaded to remote server (server_1).
22-10-2020 10:14:48.1603361688.6088 [::1][5f915b][info] Preparing to upload a file (C:/xampp/htdocs/papin proekt/wp-content/uploads/2020/10/svjatoslava-portrets-220x300.jpg) to a remote server (server_1).
22-10-2020 10:14:51.1603361691.2745 [::1][5f915b][info] File successfully uploaded to remote server (server_1).
22-10-2020 10:14:54.1603361694.5712 [::1][5f915b][debug] New queue created #27, attributes values: {"server_id":null,"object_id":"165","object_name":"","item_type":"attachment","item_hash":null,"item_hash_alternative":null,"result_status":"success","processing_level":"normal","is_backed_up":true,"original_size":38878,"final_size":37958,"original_mime_type":"image\/jpeg","final_mime_type":"image\/jpeg","extra_data":"{\"thumbnails_count\":2,\"original_main_size\":21517,\"class\":\"RIO_Attachment_Extra_Data\"}","created_at":1603361694}
22-10-2020 10:14:54.1603361694.5816 [::1][5f915b][info] End cron job. Scope: media-library